Copyright 1986-2021 Xilinx, Inc. All Rights Reserved.
------------------------------------------------------------------------------------
| Tool Version : Vivado v.2021.1 (win64) Build 3247384 Thu Jun 10 19:36:33 MDT 2021
| Date         : Tue Nov 28 19:24:41 2023
| Host         : LAPTOP-EQT99M9U running 64-bit major release  (build 9200)
| Command      : upgrade_ip
| Device       : xc7z020clg484-1
------------------------------------------------------------------------------------

Upgrade Log for IP 'baseDesign_dram_test_0_0'

1. Summary
----------

SUCCESS in the upgrade of baseDesign_dram_test_0_0 (ufl.edu:user:dram_test:1.0) from (Rev. 75) to (Rev. 76)






Copyright 1986-2021 Xilinx, Inc. All Rights Reserved.
------------------------------------------------------------------------------------
| Tool Version : Vivado v.2021.1 (win64) Build 3247384 Thu Jun 10 19:36:33 MDT 2021
| Date         : Tue Nov 28 19:11:21 2023
| Host         : LAPTOP-EQT99M9U running 64-bit major release  (build 9200)
| Command      : upgrade_ip
| Device       : xc7z020clg484-1
------------------------------------------------------------------------------------

Upgrade Log for IP 'baseDesign_dram_test_0_0'

1. Summary
----------

SUCCESS in the conversion of baseDesign_dram_test_0_0 (ufl.edu:user:dram_test:1.0 (Rev. 75)) to Vivado generation flows.






Copyright 1986-2021 Xilinx, Inc. All Rights Reserved.
------------------------------------------------------------------------------------
| Tool Version : Vivado v.2021.1 (win64) Build 3247384 Thu Jun 10 19:36:33 MDT 2021
| Date         : Tue Nov 28 18:51:04 2023
| Host         : LAPTOP-EQT99M9U running 64-bit major release  (build 9200)
| Command      : upgrade_ip
| Device       : xc7z020clg484-1
------------------------------------------------------------------------------------

Upgrade Log for IP 'baseDesign_dram_test_0_0'

1. Summary
----------

SUCCESS in the conversion of baseDesign_dram_test_0_0 (ufl.edu:user:dram_test:1.0 (Rev. 75)) to Vivado generation flows.

